app/build/intermediates/manifest_merge_blame_file/debug/processDebugMainManifest/manifest-merger-blame-debug-report.txt
1<?xml version="1.0" encoding="utf-8"?>
2<manifest xmlns:android="http://schemas.android.com/apk/res/android"
3    package="com.harmonycare.app"
4    android:versionCode="1"
5    android:versionName="1.0" >
6
7    <uses-sdk
8        android:minSdkVersion="24"
9        android:targetSdkVersion="34" />
10
11    <uses-permission android:name="android.permission.INTERNET" />
11-->src/main/AndroidManifest.xml:5:5-67
11-->src/main/AndroidManifest.xml:5:22-64
12    <uses-permission android:name="android.permission.ACCESS_NETWORK_STATE" />
12-->src/main/AndroidManifest.xml:6:5-79
12-->src/main/AndroidManifest.xml:6:22-76
13    <uses-permission android:name="android.permission.ACCESS_FINE_LOCATION" />
13-->src/main/AndroidManifest.xml:7:5-79
13-->src/main/AndroidManifest.xml:7:22-76
14    <uses-permission android:name="android.permission.ACCESS_COARSE_LOCATION" />
14-->src/main/AndroidManifest.xml:8:5-81
14-->src/main/AndroidManifest.xml:8:22-78
15    <uses-permission android:name="android.permission.POST_NOTIFICATIONS" />
15-->src/main/AndroidManifest.xml:9:5-77
15-->src/main/AndroidManifest.xml:9:22-74
16    <uses-permission android:name="android.permission.FOREGROUND_SERVICE" />
16-->src/main/AndroidManifest.xml:10:5-77
16-->src/main/AndroidManifest.xml:10:22-74
17    <uses-permission android:name="android.permission.FOREGROUND_SERVICE_LOCATION" />
17-->src/main/AndroidManifest.xml:11:5-86
17-->src/main/AndroidManifest.xml:11:22-83
18    <uses-permission android:name="android.permission.FOREGROUND_SERVICE_HEALTH" />
18-->src/main/AndroidManifest.xml:12:5-84
18-->src/main/AndroidManifest.xml:12:22-81
19    <uses-permission android:name="android.permission.CAMERA" />
19-->src/main/AndroidManifest.xml:13:5-65
19-->src/main/AndroidManifest.xml:13:22-62
20    <uses-permission android:name="android.permission.READ_EXTERNAL_STORAGE" />
20-->src/main/AndroidManifest.xml:14:5-80
20-->src/main/AndroidManifest.xml:14:22-77
21    <uses-permission
21-->src/main/AndroidManifest.xml:15:5-108
22        android:name="android.permission.WRITE_EXTERNAL_STORAGE"
22-->src/main/AndroidManifest.xml:15:22-78
23        android:maxSdkVersion="28" />
23-->src/main/AndroidManifest.xml:15:79-105
24    <uses-permission android:name="android.permission.READ_MEDIA_IMAGES" />
24-->src/main/AndroidManifest.xml:16:5-76
24-->src/main/AndroidManifest.xml:16:22-73
25    <uses-permission android:name="android.permission.RECORD_AUDIO" />
25-->src/main/AndroidManifest.xml:17:5-71
25-->src/main/AndroidManifest.xml:17:22-68
26    <uses-permission android:name="android.permission.SEND_SMS" />
26-->src/main/AndroidManifest.xml:18:5-67
26-->src/main/AndroidManifest.xml:18:22-64
27    <uses-permission android:name="android.permission.ACTIVITY_RECOGNITION" />
27-->src/main/AndroidManifest.xml:19:5-79
27-->src/main/AndroidManifest.xml:19:22-76
28    <uses-permission android:name="android.permission.VIBRATE" />
28-->src/main/AndroidManifest.xml:20:5-66
28-->src/main/AndroidManifest.xml:20:22-63
29    <uses-permission android:name="android.permission.WAKE_LOCK" /> <!-- Required by older versions of Google Play services to create IID tokens -->
29-->[com.google.firebase:firebase-messaging:24.0.2] AndroidManifest.xml:24:5-68
29-->[com.google.firebase:firebase-messaging:24.0.2] AndroidManifest.xml:24:22-65
30    <uses-permission android:name="com.google.android.c2dm.permission.RECEIVE" />
30-->[com.google.firebase:firebase-messaging:24.0.2] AndroidManifest.xml:26:5-82
30-->[com.google.firebase:firebase-messaging:24.0.2] AndroidManifest.xml:26:22-79
31
32    <permission
32-->[androidx.core:core:1.9.0] AndroidManifest.xml:22:5-24:47
33        android:name="com.harmonycare.app.DYNAMIC_RECEIVER_NOT_EXPORTED_PERMISSION"
33-->[androidx.core:core:1.9.0] AndroidManifest.xml:23:9-81
34        android:protectionLevel="signature" />
34-->[androidx.core:core:1.9.0] AndroidManifest.xml:24:9-44
35
36    <uses-permission android:name="com.harmonycare.app.DYNAMIC_RECEIVER_NOT_EXPORTED_PERMISSION" />
36-->[androidx.core:core:1.9.0] AndroidManifest.xml:26:5-97
36-->[androidx.core:core:1.9.0] AndroidManifest.xml:26:22-94
37
38    <supports-screens
38-->[org.osmdroid:osmdroid-android:6.1.16] AndroidManifest.xml:9:5-12:40
39        android:anyDensity="true"
39-->[org.osmdroid:osmdroid-android:6.1.16] AndroidManifest.xml:10:9-34
40        android:largeScreens="true"
40-->[org.osmdroid:osmdroid-android:6.1.16] AndroidManifest.xml:11:9-36
41        android:normalScreens="true" />
41-->[org.osmdroid:osmdroid-android:6.1.16] AndroidManifest.xml:12:9-37
42
43    <uses-feature
43-->[org.osmdroid:osmdroid-android:6.1.16] AndroidManifest.xml:14:5-16:36
44        android:name="android.hardware.location.network"
44-->[org.osmdroid:osmdroid-android:6.1.16] AndroidManifest.xml:15:9-57
45        android:required="false" />
45-->[org.osmdroid:osmdroid-android:6.1.16] AndroidManifest.xml:16:9-33
46    <uses-feature
46-->[org.osmdroid:osmdroid-android:6.1.16] AndroidManifest.xml:17:5-19:36
47        android:name="android.hardware.location.gps"
47-->[org.osmdroid:osmdroid-android:6.1.16] AndroidManifest.xml:18:9-53
48        android:required="false" />
48-->[org.osmdroid:osmdroid-android:6.1.16] AndroidManifest.xml:19:9-33
49    <uses-feature
49-->[org.osmdroid:osmdroid-android:6.1.16] AndroidManifest.xml:20:5-22:36
50        android:name="android.hardware.telephony"
50-->[org.osmdroid:osmdroid-android:6.1.16] AndroidManifest.xml:21:9-50
51        android:required="false" />
51-->[org.osmdroid:osmdroid-android:6.1.16] AndroidManifest.xml:22:9-33
52    <uses-feature
52-->[org.osmdroid:osmdroid-android:6.1.16] AndroidManifest.xml:23:5-25:36
53        android:name="android.hardware.wifi"
53-->[org.osmdroid:osmdroid-android:6.1.16] AndroidManifest.xml:24:9-45
54        android:required="false" />
54-->[org.osmdroid:osmdroid-android:6.1.16] AndroidManifest.xml:25:9-33
55
56    <application
56-->src/main/AndroidManifest.xml:22:5-139:19
57        android:name="com.harmonycare.app.HarmonyCareApplication"
57-->src/main/AndroidManifest.xml:23:9-47
58        android:allowBackup="true"
58-->src/main/AndroidManifest.xml:24:9-35
59        android:appComponentFactory="androidx.core.app.CoreComponentFactory"
59-->[androidx.core:core:1.9.0] AndroidManifest.xml:28:18-86
60        android:debuggable="true"
61        android:extractNativeLibs="false"
62        android:icon="@mipmap/ic_launcher"
62-->src/main/AndroidManifest.xml:25:9-43
63        android:label="@string/app_name"
63-->src/main/AndroidManifest.xml:26:9-41
64        android:roundIcon="@mipmap/ic_launcher_round"
64-->src/main/AndroidManifest.xml:27:9-54
65        android:supportsRtl="true"
65-->src/main/AndroidManifest.xml:28:9-35
66        android:testOnly="true"
67        android:theme="@style/Theme.HarmonyCare" >
67-->src/main/AndroidManifest.xml:29:9-49
68        <provider
69            android:name="androidx.core.content.FileProvider"
69-->src/main/AndroidManifest.xml:33:13-62
70            android:authorities="com.harmonycare.app.fileprovider"
70-->src/main/AndroidManifest.xml:34:13-64
71            android:exported="false"
71-->src/main/AndroidManifest.xml:35:13-37
72            android:grantUriPermissions="true" >
72-->src/main/AndroidManifest.xml:36:13-47
73            <meta-data
73-->src/main/AndroidManifest.xml:37:13-39:63
74                android:name="android.support.FILE_PROVIDER_PATHS"
74-->src/main/AndroidManifest.xml:38:17-67
75                android:resource="@xml/file_provider_paths" />
75-->src/main/AndroidManifest.xml:39:17-60
76        </provider>
77
78        <activity
78-->src/main/AndroidManifest.xml:42:9-50:20
79            android:name="com.harmonycare.app.view.SplashActivity"
79-->src/main/AndroidManifest.xml:43:13-48
80            android:exported="true"
80-->src/main/AndroidManifest.xml:44:13-36
81            android:theme="@style/Theme.HarmonyCare.Splash" >
81-->src/main/AndroidManifest.xml:45:13-60
82            <intent-filter>
82-->src/main/AndroidManifest.xml:46:13-49:29
83                <action android:name="android.intent.action.MAIN" />
83-->src/main/AndroidManifest.xml:47:17-69
83-->src/main/AndroidManifest.xml:47:25-66
84
85                <category android:name="android.intent.category.LAUNCHER" />
85-->src/main/AndroidManifest.xml:48:17-77
85-->src/main/AndroidManifest.xml:48:27-74
86            </intent-filter>
87        </activity>
88        <activity
88-->src/main/AndroidManifest.xml:52:9-55:56
89            android:name="com.harmonycare.app.view.LoginActivity"
89-->src/main/AndroidManifest.xml:53:13-47
90            android:exported="false"
90-->src/main/AndroidManifest.xml:54:13-37
91            android:theme="@style/Theme.HarmonyCare" />
91-->src/main/AndroidManifest.xml:55:13-53
92        <activity
92-->src/main/AndroidManifest.xml:57:9-59:40
93            android:name="com.harmonycare.app.view.RegisterActivity"
93-->src/main/AndroidManifest.xml:58:13-50
94            android:exported="false" />
94-->src/main/AndroidManifest.xml:59:13-37
95        <activity
95-->src/main/AndroidManifest.xml:61:9-63:40
96            android:name="com.harmonycare.app.view.ElderlyDashboardActivity"
96-->src/main/AndroidManifest.xml:62:13-58
97            android:exported="false" />
97-->src/main/AndroidManifest.xml:63:13-37
98        <activity
98-->src/main/AndroidManifest.xml:65:9-67:40
99            android:name="com.harmonycare.app.view.VolunteerDashboardActivity"
99-->src/main/AndroidManifest.xml:66:13-60
100            android:exported="false" />
100-->src/main/AndroidManifest.xml:67:13-37
101        <activity
101-->src/main/AndroidManifest.xml:69:9-71:40
102            android:name="com.harmonycare.app.view.EmergencyHistoryActivity"
102-->src/main/AndroidManifest.xml:70:13-58
103            android:exported="false" />
103-->src/main/AndroidManifest.xml:71:13-37
104        <activity
104-->src/main/AndroidManifest.xml:73:9-75:40
105            android:name="com.harmonycare.app.view.VolunteerEmergencyListActivity"
105-->src/main/AndroidManifest.xml:74:13-64
106            android:exported="false" />
106-->src/main/AndroidManifest.xml:75:13-37
107        <activity
107-->src/main/AndroidManifest.xml:77:9-79:40
108            android:name="com.harmonycare.app.view.EmergencyDetailsActivity"
108-->src/main/AndroidManifest.xml:78:13-58
109            android:exported="false" />
109-->src/main/AndroidManifest.xml:79:13-37
110        <activity
110-->src/main/AndroidManifest.xml:81:9-83:40
111            android:name="com.harmonycare.app.view.SettingsActivity"
111-->src/main/AndroidManifest.xml:82:13-50
112            android:exported="false" />
112-->src/main/AndroidManifest.xml:83:13-37
113        <activity
113-->src/main/AndroidManifest.xml:85:9-87:40
114            android:name="com.harmonycare.app.view.ProfileActivity"
114-->src/main/AndroidManifest.xml:86:13-49
115            android:exported="false" />
115-->src/main/AndroidManifest.xml:87:13-37
116        <activity
116-->src/main/AndroidManifest.xml:89:9-91:40
117            android:name="com.harmonycare.app.view.VolunteerStatsActivity"
117-->src/main/AndroidManifest.xml:90:13-56
118            android:exported="false" />
118-->src/main/AndroidManifest.xml:91:13-37
119        <activity
119-->src/main/AndroidManifest.xml:93:9-95:40
120            android:name="com.harmonycare.app.view.ChatActivity"
120-->src/main/AndroidManifest.xml:94:13-46
121            android:exported="false" />
121-->src/main/AndroidManifest.xml:95:13-37
122        <activity
122-->src/main/AndroidManifest.xml:97:9-99:40
123            android:name="com.harmonycare.app.view.EmergencyContactsActivity"
123-->src/main/AndroidManifest.xml:98:13-59
124            android:exported="false" />
124-->src/main/AndroidManifest.xml:99:13-37
125        <activity
125-->src/main/AndroidManifest.xml:101:9-105:77
126            android:name="com.harmonycare.app.view.VolunteerMapActivity"
126-->src/main/AndroidManifest.xml:102:13-54
127            android:configChanges="orientation|screenSize|keyboardHidden"
127-->src/main/AndroidManifest.xml:105:13-74
128            android:exported="false"
128-->src/main/AndroidManifest.xml:103:13-37
129            android:hardwareAccelerated="true" />
129-->src/main/AndroidManifest.xml:104:13-47
130        <activity
130-->src/main/AndroidManifest.xml:107:9-109:40
131            android:name="com.harmonycare.app.view.RatingActivity"
131-->src/main/AndroidManifest.xml:108:13-48
132            android:exported="false" />
132-->src/main/AndroidManifest.xml:109:13-37
133        <activity
133-->src/main/AndroidManifest.xml:111:9-113:40
134            android:name="com.harmonycare.app.view.RemindersActivity"
134-->src/main/AndroidManifest.xml:112:13-51
135            android:exported="false" />
135-->src/main/AndroidManifest.xml:113:13-37
136
137        <receiver
137-->src/main/AndroidManifest.xml:115:9-118:38
138            android:name="com.harmonycare.app.util.ReminderReceiver"
138-->src/main/AndroidManifest.xml:116:13-50
139            android:enabled="true"
139-->src/main/AndroidManifest.xml:118:13-35
140            android:exported="false" />
140-->src/main/AndroidManifest.xml:117:13-37
141
142        <service
142-->src/main/AndroidManifest.xml:120:9-124:54
143            android:name="com.harmonycare.app.service.FallDetectionService"
143-->src/main/AndroidManifest.xml:121:13-57
144            android:enabled="true"
144-->src/main/AndroidManifest.xml:122:13-35
145            android:exported="false"
145-->src/main/AndroidManifest.xml:123:13-37
146            android:foregroundServiceType="health" />
146-->src/main/AndroidManifest.xml:124:13-51
147        <service
147-->src/main/AndroidManifest.xml:126:9-132:19
148            android:name="com.harmonycare.app.service.HarmonyFirebaseMessagingService"
148-->src/main/AndroidManifest.xml:127:13-68
149            android:exported="false" >
149-->src/main/AndroidManifest.xml:128:13-37
150            <intent-filter>
150-->src/main/AndroidManifest.xml:129:13-131:29
151                <action android:name="com.google.firebase.MESSAGING_EVENT" />
151-->src/main/AndroidManifest.xml:130:17-78
151-->src/main/AndroidManifest.xml:130:25-75
152            </intent-filter>
153        </service>
154
155        <!-- AMap (高德地图) API Key -->
156        <meta-data
156-->src/main/AndroidManifest.xml:135:9-137:64
157            android:name="com.amap.api.v2.apikey"
157-->src/main/AndroidManifest.xml:136:13-50
158            android:value="23a959db2562029719293a9d2561d9c7" />
158-->src/main/AndroidManifest.xml:137:13-61
159
160        <provider
160-->[androidx.emoji2:emoji2:1.2.0] AndroidManifest.xml:24:9-32:20
161            android:name="androidx.startup.InitializationProvider"
161-->[androidx.emoji2:emoji2:1.2.0] AndroidManifest.xml:25:13-67
162            android:authorities="com.harmonycare.app.androidx-startup"
162-->[androidx.emoji2:emoji2:1.2.0] AndroidManifest.xml:26:13-68
163            android:exported="false" >
163-->[androidx.emoji2:emoji2:1.2.0] AndroidManifest.xml:27:13-37
164            <meta-data
164-->[androidx.emoji2:emoji2:1.2.0] AndroidManifest.xml:29:13-31:52
165                android:name="androidx.emoji2.text.EmojiCompatInitializer"
165-->[androidx.emoji2:emoji2:1.2.0] AndroidManifest.xml:30:17-75
166                android:value="androidx.startup" />
166-->[androidx.emoji2:emoji2:1.2.0] AndroidManifest.xml:31:17-49
167            <meta-data
167-->[androidx.lifecycle:lifecycle-process:2.6.2] AndroidManifest.xml:29:13-31:52
168                android:name="androidx.lifecycle.ProcessLifecycleInitializer"
168-->[androidx.lifecycle:lifecycle-process:2.6.2] AndroidManifest.xml:30:17-78
169                android:value="androidx.startup" />
169-->[androidx.lifecycle:lifecycle-process:2.6.2] AndroidManifest.xml:31:17-49
170            <meta-data
170-->[androidx.profileinstaller:profileinstaller:1.3.0] AndroidManifest.xml:29:13-31:52
171                android:name="androidx.profileinstaller.ProfileInstallerInitializer"
171-->[androidx.profileinstaller:profileinstaller:1.3.0] AndroidManifest.xml:30:17-85
172                android:value="androidx.startup" />
172-->[androidx.profileinstaller:profileinstaller:1.3.0] AndroidManifest.xml:31:17-49
173        </provider>
174
175        <receiver
175-->[com.google.firebase:firebase-messaging:24.0.2] AndroidManifest.xml:29:9-40:20
176            android:name="com.google.firebase.iid.FirebaseInstanceIdReceiver"
176-->[com.google.firebase:firebase-messaging:24.0.2] AndroidManifest.xml:30:13-78
177            android:exported="true"
177-->[com.google.firebase:firebase-messaging:24.0.2] AndroidManifest.xml:31:13-36
178            android:permission="com.google.android.c2dm.permission.SEND" >
178-->[com.google.firebase:firebase-messaging:24.0.2] AndroidManifest.xml:32:13-73
179            <intent-filter>
179-->[com.google.firebase:firebase-messaging:24.0.2] AndroidManifest.xml:33:13-35:29
180                <action android:name="com.google.android.c2dm.intent.RECEIVE" />
180-->[com.google.firebase:firebase-messaging:24.0.2] AndroidManifest.xml:34:17-81
180-->[com.google.firebase:firebase-messaging:24.0.2] AndroidManifest.xml:34:25-78
181            </intent-filter>
182
183            <meta-data
183-->[com.google.firebase:firebase-messaging:24.0.2] AndroidManifest.xml:37:13-39:40
184                android:name="com.google.android.gms.cloudmessaging.FINISHED_AFTER_HANDLED"
184-->[com.google.firebase:firebase-messaging:24.0.2] AndroidManifest.xml:38:17-92
185                android:value="true" />
185-->[com.google.firebase:firebase-messaging:24.0.2] AndroidManifest.xml:39:17-37
186        </receiver>
187        <!--
188             FirebaseMessagingService performs security checks at runtime,
189             but set to not exported to explicitly avoid allowing another app to call it.
190        -->
191        <service
191-->[com.google.firebase:firebase-messaging:24.0.2] AndroidManifest.xml:46:9-53:19
192            android:name="com.google.firebase.messaging.FirebaseMessagingService"
192-->[com.google.firebase:firebase-messaging:24.0.2] AndroidManifest.xml:47:13-82
193            android:directBootAware="true"
193-->[com.google.firebase:firebase-messaging:24.0.2] AndroidManifest.xml:48:13-43
194            android:exported="false" >
194-->[com.google.firebase:firebase-messaging:24.0.2] AndroidManifest.xml:49:13-37
195            <intent-filter android:priority="-500" >
195-->src/main/AndroidManifest.xml:129:13-131:29
196                <action android:name="com.google.firebase.MESSAGING_EVENT" />
196-->src/main/AndroidManifest.xml:130:17-78
196-->src/main/AndroidManifest.xml:130:25-75
197            </intent-filter>
198        </service>
199        <service
199-->[com.google.firebase:firebase-messaging:24.0.2] AndroidManifest.xml:54:9-63:19
200            android:name="com.google.firebase.components.ComponentDiscoveryService"
200-->[com.google.firebase:firebase-messaging:24.0.2] AndroidManifest.xml:55:13-84
201            android:directBootAware="true"
201-->[com.google.firebase:firebase-common:21.0.0] AndroidManifest.xml:32:13-43
202            android:exported="false" >
202-->[com.google.firebase:firebase-messaging:24.0.2] AndroidManifest.xml:56:13-37
203            <meta-data
203-->[com.google.firebase:firebase-messaging:24.0.2] AndroidManifest.xml:57:13-59:85
204                android:name="com.google.firebase.components:com.google.firebase.messaging.FirebaseMessagingKtxRegistrar"
204-->[com.google.firebase:firebase-messaging:24.0.2] AndroidManifest.xml:58:17-122
205                android:value="com.google.firebase.components.ComponentRegistrar" />
205-->[com.google.firebase:firebase-messaging:24.0.2] AndroidManifest.xml:59:17-82
206            <meta-data
206-->[com.google.firebase:firebase-messaging:24.0.2] AndroidManifest.xml:60:13-62:85
207                android:name="com.google.firebase.components:com.google.firebase.messaging.FirebaseMessagingRegistrar"
207-->[com.google.firebase:firebase-messaging:24.0.2] AndroidManifest.xml:61:17-119
208                android:value="com.google.firebase.components.ComponentRegistrar" />
208-->[com.google.firebase:firebase-messaging:24.0.2] AndroidManifest.xml:62:17-82
209            <meta-data
209-->[com.google.firebase:firebase-installations:17.2.0] AndroidManifest.xml:15:13-17:85
210                android:name="com.google.firebase.components:com.google.firebase.installations.FirebaseInstallationsKtxRegistrar"
210-->[com.google.firebase:firebase-installations:17.2.0] AndroidManifest.xml:16:17-130
211                android:value="com.google.firebase.components.ComponentRegistrar" />
211-->[com.google.firebase:firebase-installations:17.2.0] AndroidManifest.xml:17:17-82
212            <meta-data
212-->[com.google.firebase:firebase-installations:17.2.0] AndroidManifest.xml:18:13-20:85
213                android:name="com.google.firebase.components:com.google.firebase.installations.FirebaseInstallationsRegistrar"
213-->[com.google.firebase:firebase-installations:17.2.0] AndroidManifest.xml:19:17-127
214                android:value="com.google.firebase.components.ComponentRegistrar" />
214-->[com.google.firebase:firebase-installations:17.2.0] AndroidManifest.xml:20:17-82
215            <meta-data
215-->[com.google.firebase:firebase-common-ktx:21.0.0] AndroidManifest.xml:12:13-14:85
216                android:name="com.google.firebase.components:com.google.firebase.ktx.FirebaseCommonLegacyRegistrar"
216-->[com.google.firebase:firebase-common-ktx:21.0.0] AndroidManifest.xml:13:17-116
217                android:value="com.google.firebase.components.ComponentRegistrar" />
217-->[com.google.firebase:firebase-common-ktx:21.0.0] AndroidManifest.xml:14:17-82
218            <meta-data
218-->[com.google.firebase:firebase-common:21.0.0] AndroidManifest.xml:35:13-37:85
219                android:name="com.google.firebase.components:com.google.firebase.FirebaseCommonKtxRegistrar"
219-->[com.google.firebase:firebase-common:21.0.0] AndroidManifest.xml:36:17-109
220                android:value="com.google.firebase.components.ComponentRegistrar" />
220-->[com.google.firebase:firebase-common:21.0.0] AndroidManifest.xml:37:17-82
221            <meta-data
221-->[com.google.firebase:firebase-datatransport:18.2.0] AndroidManifest.xml:25:13-27:85
222                android:name="com.google.firebase.components:com.google.firebase.datatransport.TransportRegistrar"
222-->[com.google.firebase:firebase-datatransport:18.2.0] AndroidManifest.xml:26:17-115
223                android:value="com.google.firebase.components.ComponentRegistrar" />
223-->[com.google.firebase:firebase-datatransport:18.2.0] AndroidManifest.xml:27:17-82
224        </service>
225
226        <activity
226-->[com.google.android.gms:play-services-base:18.1.0] AndroidManifest.xml:20:9-22:45
227            android:name="com.google.android.gms.common.api.GoogleApiActivity"
227-->[com.google.android.gms:play-services-base:18.1.0] AndroidManifest.xml:20:19-85
228            android:exported="false"
228-->[com.google.android.gms:play-services-base:18.1.0] AndroidManifest.xml:22:19-43
229            android:theme="@android:style/Theme.Translucent.NoTitleBar" />
229-->[com.google.android.gms:play-services-base:18.1.0] AndroidManifest.xml:21:19-78
230
231        <provider
231-->[com.google.firebase:firebase-common:21.0.0] AndroidManifest.xml:23:9-28:39
232            android:name="com.google.firebase.provider.FirebaseInitProvider"
232-->[com.google.firebase:firebase-common:21.0.0] AndroidManifest.xml:24:13-77
233            android:authorities="com.harmonycare.app.firebaseinitprovider"
233-->[com.google.firebase:firebase-common:21.0.0] AndroidManifest.xml:25:13-72
234            android:directBootAware="true"
234-->[com.google.firebase:firebase-common:21.0.0] AndroidManifest.xml:26:13-43
235            android:exported="false"
235-->[com.google.firebase:firebase-common:21.0.0] AndroidManifest.xml:27:13-37
236            android:initOrder="100" />
236-->[com.google.firebase:firebase-common:21.0.0] AndroidManifest.xml:28:13-36
237
238        <uses-library
238-->[androidx.window:window:1.0.0] AndroidManifest.xml:25:9-27:40
239            android:name="androidx.window.extensions"
239-->[androidx.window:window:1.0.0] AndroidManifest.xml:26:13-54
240            android:required="false" />
240-->[androidx.window:window:1.0.0] AndroidManifest.xml:27:13-37
241        <uses-library
241-->[androidx.window:window:1.0.0] AndroidManifest.xml:28:9-30:40
242            android:name="androidx.window.sidecar"
242-->[androidx.window:window:1.0.0] AndroidManifest.xml:29:13-51
243            android:required="false" />
243-->[androidx.window:window:1.0.0] AndroidManifest.xml:30:13-37
244
245        <meta-data
245-->[com.google.android.gms:play-services-basement:18.3.0] AndroidManifest.xml:21:9-23:69
246            android:name="com.google.android.gms.version"
246-->[com.google.android.gms:play-services-basement:18.3.0] AndroidManifest.xml:22:13-58
247            android:value="@integer/google_play_services_version" />
247-->[com.google.android.gms:play-services-basement:18.3.0] AndroidManifest.xml:23:13-66
248
249        <service
249-->[androidx.room:room-runtime:2.6.1] AndroidManifest.xml:24:9-28:63
250            android:name="androidx.room.MultiInstanceInvalidationService"
250-->[androidx.room:room-runtime:2.6.1] AndroidManifest.xml:25:13-74
251            android:directBootAware="true"
251-->[androidx.room:room-runtime:2.6.1] AndroidManifest.xml:26:13-43
252            android:exported="false" />
252-->[androidx.room:room-runtime:2.6.1] AndroidManifest.xml:27:13-37
253        <service
253-->[com.google.android.datatransport:transport-backend-cct:3.1.9] AndroidManifest.xml:28:9-34:19
254            android:name="com.google.android.datatransport.runtime.backends.TransportBackendDiscovery"
254-->[com.google.android.datatransport:transport-backend-cct:3.1.9] AndroidManifest.xml:29:13-103
255            android:exported="false" >
255-->[com.google.android.datatransport:transport-backend-cct:3.1.9] AndroidManifest.xml:30:13-37
256            <meta-data
256-->[com.google.android.datatransport:transport-backend-cct:3.1.9] AndroidManifest.xml:31:13-33:39
257                android:name="backend:com.google.android.datatransport.cct.CctBackendFactory"
257-->[com.google.android.datatransport:transport-backend-cct:3.1.9] AndroidManifest.xml:32:17-94
258                android:value="cct" />
258-->[com.google.android.datatransport:transport-backend-cct:3.1.9] AndroidManifest.xml:33:17-36
259        </service>
260        <service
260-->[com.google.android.datatransport:transport-runtime:3.1.9] AndroidManifest.xml:26:9-30:19
261            android:name="com.google.android.datatransport.runtime.scheduling.jobscheduling.JobInfoSchedulerService"
261-->[com.google.android.datatransport:transport-runtime:3.1.9] AndroidManifest.xml:27:13-117
262            android:exported="false"
262-->[com.google.android.datatransport:transport-runtime:3.1.9] AndroidManifest.xml:28:13-37
263            android:permission="android.permission.BIND_JOB_SERVICE" >
263-->[com.google.android.datatransport:transport-runtime:3.1.9] AndroidManifest.xml:29:13-69
264        </service>
265
266        <receiver
266-->[com.google.android.datatransport:transport-runtime:3.1.9] AndroidManifest.xml:32:9-34:40
267            android:name="com.google.android.datatransport.runtime.scheduling.jobscheduling.AlarmManagerSchedulerBroadcastReceiver"
267-->[com.google.android.datatransport:transport-runtime:3.1.9] AndroidManifest.xml:33:13-132
268            android:exported="false" />
268-->[com.google.android.datatransport:transport-runtime:3.1.9] AndroidManifest.xml:34:13-37
269        <receiver
269-->[androidx.profileinstaller:profileinstaller:1.3.0] AndroidManifest.xml:34:9-52:20
270            android:name="androidx.profileinstaller.ProfileInstallReceiver"
270-->[androidx.profileinstaller:profileinstaller:1.3.0] AndroidManifest.xml:35:13-76
271            android:directBootAware="false"
271-->[androidx.profileinstaller:profileinstaller:1.3.0] AndroidManifest.xml:36:13-44
272            android:enabled="true"
272-->[androidx.profileinstaller:profileinstaller:1.3.0] AndroidManifest.xml:37:13-35
273            android:exported="true"
273-->[androidx.profileinstaller:profileinstaller:1.3.0] AndroidManifest.xml:38:13-36
274            android:permission="android.permission.DUMP" >
274-->[androidx.profileinstaller:profileinstaller:1.3.0] AndroidManifest.xml:39:13-57
275            <intent-filter>
275-->[androidx.profileinstaller:profileinstaller:1.3.0] AndroidManifest.xml:40:13-42:29
276                <action android:name="androidx.profileinstaller.action.INSTALL_PROFILE" />
276-->[androidx.profileinstaller:profileinstaller:1.3.0] AndroidManifest.xml:41:17-91
276-->[androidx.profileinstaller:profileinstaller:1.3.0] AndroidManifest.xml:41:25-88
277            </intent-filter>
278            <intent-filter>
278-->[androidx.profileinstaller:profileinstaller:1.3.0] AndroidManifest.xml:43:13-45:29
279                <action android:name="androidx.profileinstaller.action.SKIP_FILE" />
279-->[androidx.profileinstaller:profileinstaller:1.3.0] AndroidManifest.xml:44:17-85
279-->[androidx.profileinstaller:profileinstaller:1.3.0] AndroidManifest.xml:44:25-82
280            </intent-filter>
281            <intent-filter>
281-->[androidx.profileinstaller:profileinstaller:1.3.0] AndroidManifest.xml:46:13-48:29
282                <action android:name="androidx.profileinstaller.action.SAVE_PROFILE" />
282-->[androidx.profileinstaller:profileinstaller:1.3.0] AndroidManifest.xml:47:17-88
282-->[androidx.profileinstaller:profileinstaller:1.3.0] AndroidManifest.xml:47:25-85
283            </intent-filter>
284            <intent-filter>
284-->[androidx.profileinstaller:profileinstaller:1.3.0] AndroidManifest.xml:49:13-51:29
285                <action android:name="androidx.profileinstaller.action.BENCHMARK_OPERATION" />